<?xml version="1.0" encoding="UTF-8"?>
<testsuite name="福建会计学员学习"
           tests="1"
           failures="1"
           errors="0"
           skipped="0"
           time="81.556">
  <properties />
            <testcase name="tester" time="81.556" classname="Testing.Tester">
                <failure type="java.lang.AssertionError"
                  message="序号 No.12.0, 操作说明：clickclass   原因： 连续2个操作找不到元素，有可能是定位错了，或者是流程出现未知的情况！！ expected [1] but found [0]"
              >
<![CDATA[java.lang.AssertionError: 序号 No.12.0, 操作说明：clickclass   原因： 连续2个操作找不到元素，有可能是定位错了，或者是流程出现未知的情况！！ expected [1] but found [0]
  Message : No.2.0 操作说明：close notice  没有找到元素！！
操作时间: 2020-06-15 11:38:37 expected [1] but found [0] Class Method : .tester(Tester:81)
  Testing.Tester.tester(Tester.java:81)
  Message : No.11.0 操作说明：enterstudentclass  没有找到元素！！
操作时间: 2020-06-15 11:39:15 expected [1] but found [0] Class Method : .tester(Tester:81)
  Testing.Tester.tester(Tester.java:81)
  Testing.Tester.tester(Tester.java:77)
]]>
      </failure>

          </testcase>
  
  
  
</testsuite>
